2026-06-14 12:38:52.773220: E external/local_xla/xla/stream_executor/cuda/cuda_dnn.cc:9261] Unable to register cuDNN factory: Attempting to register factory for plugin cuDNN when one has already been registered
2026-06-14 12:38:52.773290: E external/local_xla/xla/stream_executor/cuda/cuda_fft.cc:607] Unable to register cuFFT factory: Attempting to register factory for plugin cuFFT when one has already been registered
2026-06-14 12:38:52.775185: E external/local_xla/xla/stream_executor/cuda/cuda_blas.cc:1515] Unable to register cuBLAS factory: Attempting to register factory for plugin cuBLAS when one has already been registered
Using GPU: 1 device(s)
Uppercase local vars:
loading dataset 'eds' from /root/dnazymes/Data...
('G', 'T', 'A', 'A', 'G', 'C', 'G', 'C', 'C', 'G', 'A', 'T', 'A', 'C', 'C', 'G', 'C', 'C', 'G', 'G', '`', '`', '`', '`', '`', '`', '`', '`', '`', '`', '`', '`', '`', '`', '`', '`', '`', '`', '`', '`', '`', '`', '`', '`', '`', '`', '`', '`', '`', '`', '`', '`', '`', '`', '`', '`', '`', '`', '`', '`', '`', '`', '`', '`', '`', '`', '`', '`', '`', '`', '`', '`', '`', '`', '`', '`', '`', '`', '`', '`', '`', '`', '`', '`', '`', '`', '`', '`', '`', '`', '`', '`', '`', '`', '`', '`', '`', '`', '`', '`')
('C', 'A', 'C', 'C', 'G', 'T', 'T', 'T', 'A', 'T', 'A', 'T', 'T', 'T', 'C', 'C', 'C', 'A', 'C', 'C', 'A', 'T', 'T', 'T', 'T', 'A', 'A', 'G', 'G', 'C', 'A', 'A', 'A', 'C', 'T', 'C', 'G', 'C', '`', '`', '`', '`', '`', '`', '`', '`', '`', '`', '`', '`', '`', '`', '`', '`', '`', '`', '`', '`', '`', '`', '`', '`', '`', '`', '`', '`', '`', '`', '`', '`', '`', '`', '`', '`', '`', '`', '`', '`', '`', '`', '`', '`', '`', '`', '`', '`', '`', '`', '`', '`', '`', '`', '`', '`', '`', '`', '`', '`', '`', '`')
('T', 'C', 'G', 'T', 'G', 'G', 'A', 'A', 'G', 'A', 'T', 'T', 'T', 'T', 'A', 'T', 'T', 'C', 'C', 'C', 'C', 'G', 'G', 'A', 'A', 'C', 'T', 'C', 'C', 'C', 'A', 'A', 'G', 'A', 'A', 'T', 'G', 'C', 'A', 'T', 'C', '`', '`', '`', '`', '`', '`', '`', '`', '`', '`', '`', '`', '`', '`', '`', '`', '`', '`', '`', '`', '`', '`', '`', '`', '`', '`', '`', '`', '`', '`', '`', '`', '`', '`', '`', '`', '`', '`', '`', '`', '`', '`', '`', '`', '`', '`', '`', '`', '`', '`', '`', '`', '`', '`', '`', '`', '`', '`', '`')
('G', 'G', 'G', 'C', 'G', 'A', 'T', 'T', 'A', 'A', 'A', 'A', 'T', 'A', 'G', 'G', 'C', 'C', 'G', 'C', '`', '`', '`', '`', '`', '`', '`', '`', '`', '`', '`', '`', '`', '`', '`', '`', '`', '`', '`', '`', '`', '`', '`', '`', '`', '`', '`', '`', '`', '`', '`', '`', '`', '`', '`', '`', '`', '`', '`', '`', '`', '`', '`', '`', '`', '`', '`', '`', '`', '`', '`', '`', '`', '`', '`', '`', '`', '`', '`', '`', '`', '`', '`', '`', '`', '`', '`', '`', '`', '`', '`', '`', '`', '`', '`', '`', '`', '`', '`', '`')
('C', 'T', 'C', 'G', 'G', 'G', 'A', 'G', 'T', 'T', 'G', 'A', 'G', 'A', 'C', 'G', 'T', 'A', 'A', 'A', 'G', '`', '`', '`', '`', '`', '`', '`', '`', '`', '`', '`', '`', '`', '`', '`', '`', '`', '`', '`', '`', '`', '`', '`', '`', '`', '`', '`', '`', '`', '`', '`', '`', '`', '`', '`', '`', '`', '`', '`', '`', '`', '`', '`', '`', '`', '`', '`', '`', '`', '`', '`', '`', '`', '`', '`', '`', '`', '`', '`', '`', '`', '`', '`', '`', '`', '`', '`', '`', '`', '`', '`', '`', '`', '`', '`', '`', '`', '`', '`')
loaded 277765 lines in dataset 'eds'
Building n-gram models on 20000 sequences (of 277765 total)...
validation set JSD for n=1: 4.1003716210137706e-05
validation set JSD for n=2: 9.784587913501082e-05
validation set JSD for n=3: 0.0005052824177958152
validation set JSD for n=4: 0.002363688158433744
Saved checkpoint at iteration 0
iter 99	time	16.440102641582488	train disc cost	-5.9515557289123535	js1	0.010685127616594063	js2	0.02664263212924451	js3	0.04494952957348613	js4	0.06518608261475628
iter 199	time	15.746003501415252	train disc cost	-2.8010308742523193	js1	0.007077566977847397	js2	0.015356798798830033	js3	0.026478560812139996	js4	0.04054728634574528
Saved checkpoint at iteration 200
iter 299	time	16.00803432226181	train disc cost	-2.2393054962158203	js1	0.002729298465240713	js2	0.007594540455192645	js3	0.014673578605982333	js4	0.024796491105044866
iter 399	time	16.182221703529358	train disc cost	-2.1199843883514404	js1	0.0010906899874446362	js2	0.004285844950490931	js3	0.010087103964886969	js4	0.01851670623199705
Saved checkpoint at iteration 400
iter 499	time	16.110229811668397	train disc cost	-2.0546412467956543	js1	0.0014830149704059038	js2	0.005975013015815886	js3	0.0123364900583825	js4	0.021238968778238682
iter 599	time	16.163999314308167	train disc cost	-1.9721179008483887	js1	0.00046626167425135526	js2	0.0033191124518869536	js3	0.007990444815873339	js4	0.015285038656185648
Saved checkpoint at iteration 600
iter 699	time	16.34869642972946	train disc cost	-2.014209508895874	js1	0.0010969372939523966	js2	0.004656029921334339	js3	0.009996106418728461	js4	0.017997924397475343
iter 799	time	15.84263374567032	train disc cost	-1.9127672910690308	js1	0.0013606837788106088	js2	0.004187684412441874	js3	0.010188715808038654	js4	0.018176154845742816
Saved checkpoint at iteration 800
iter 899	time	16.181906056404113	train disc cost	-1.9409797191619873	js1	0.0008142459176043859	js2	0.003467434502132879	js3	0.007216114228267764	js4	0.014811478804282565
iter 999	time	16.046235625743865	train disc cost	-1.8511165380477905	js1	0.0007462489137042326	js2	0.003692055242340396	js3	0.008129569506433992	js4	0.01510881096501321
Saved checkpoint at iteration 1000
iter 1099	time	16.222190687656404	train disc cost	-1.8592896461486816	js1	0.002828729466640104	js2	0.008478390042204844	js3	0.016689342987094374	js4	0.026566305813257054
iter 1199	time	16.071253035068512	train disc cost	-1.954765796661377	js1	0.0009645914305830418	js2	0.0033325852199668094	js3	0.008349658900451817	js4	0.01616090394742756
Saved checkpoint at iteration 1200
iter 1299	time	15.929144988059997	train disc cost	-1.9803740978240967	js1	0.0007576570559465497	js2	0.004265531583270032	js3	0.009374456121388694	js4	0.017465260156012612
iter 1399	time	16.149253606796265	train disc cost	-1.765068531036377	js1	0.0003947929129657733	js2	0.0026137440218298833	js3	0.006863893113934986	js4	0.013610179223380975
Saved checkpoint at iteration 1400
iter 1499	time	16.24560274362564	train disc cost	-1.8430759906768799	js1	0.00012460625817143614	js2	0.002847827533029116	js3	0.006961764500085291	js4	0.013239949687583482
iter 1599	time	16.296593298912047	train disc cost	-1.7601251602172852	js1	0.0016478871386786736	js2	0.005480985513558803	js3	0.010723451301880654	js4	0.01833406200674968
Saved checkpoint at iteration 1600
iter 1699	time	16.352443685531615	train disc cost	-1.949376106262207	js1	0.00037381580379312955	js2	0.0037084466777362137	js3	0.008557330222562633	js4	0.01641122257505857
iter 1799	time	16.351903641223906	train disc cost	-1.8695379495620728	js1	0.0009033909773680608	js2	0.004160535805184892	js3	0.009091123792626834	js4	0.016569216953194833
Saved checkpoint at iteration 1800
iter 1899	time	16.05340133666992	train disc cost	-1.8422657251358032	js1	0.0008749144639409046	js2	0.0036669056392495255	js3	0.008656409844132218	js4	0.015674254600531123
iter 1999	time	15.866482739448548	train disc cost	-1.839271903038025	js1	0.0022172400474516074	js2	0.007687889180999516	js3	0.014689660135337268	js4	0.023922581619564617
Saved checkpoint at iteration 2000
iter 2099	time	16.304754660129547	train disc cost	-1.9256869554519653	js1	0.0007255910503204528	js2	0.001863245312825421	js3	0.005064042504874286	js4	0.009950123881021468
iter 2199	time	16.233644433021546	train disc cost	-1.8019753694534302	js1	0.0022452915712858857	js2	0.005627024927809025	js3	0.011089760519787946	js4	0.01844192271885706
Saved checkpoint at iteration 2200
iter 2299	time	16.2444202876091	train disc cost	-1.8855613470077515	js1	0.0009381474939974987	js2	0.0037755137727067444	js3	0.00914318786150479	js4	0.016840622295310703
iter 2399	time	15.985224208831788	train disc cost	-1.7683253288269043	js1	0.0010701972291057155	js2	0.003389125251940097	js3	0.008411196158837808	js4	0.015766705339967838
Saved checkpoint at iteration 2400
iter 2499	time	15.56410654783249	train disc cost	-1.7610033750534058	js1	0.00025176432523438264	js2	0.0021412145255483	js3	0.004996763385132	js4	0.010337161149264213
iter 2599	time	15.977675294876098	train disc cost	-1.8424580097198486	js1	0.001982400826884868	js2	0.004778127315141288	js3	0.009099150895799107	js4	0.016341038833778503
Saved checkpoint at iteration 2600
iter 2699	time	16.191424827575684	train disc cost	-1.732487440109253	js1	0.001893082984935813	js2	0.004859251895266677	js3	0.009456776290402756	js4	0.017015385505372377
iter 2799	time	16.286571497917176	train disc cost	-1.7985910177230835	js1	0.0014237640953505323	js2	0.0040316421908179615	js3	0.008756287668798147	js4	0.015870011883861924
Saved checkpoint at iteration 2800
iter 2899	time	16.160277717113495	train disc cost	-1.6430189609527588	js1	0.0010171398190169253	js2	0.003108369558509857	js3	0.007924005728215952	js4	0.015549573142342945
iter 2999	time	16.20337616443634	train disc cost	-1.6501766443252563	js1	0.0011886723234913776	js2	0.003733701481394849	js3	0.00769047995224291	js4	0.013905421155828676
Saved checkpoint at iteration 3000
iter 3099	time	15.98493786096573	train disc cost	-1.6264666318893433	js1	0.001122770108050882	js2	0.0036838602656544903	js3	0.0075250103559714055	js4	0.013382073211311065
iter 3199	time	16.08137580871582	train disc cost	-1.8518097400665283	js1	0.0008741066646920449	js2	0.0037966771649100865	js3	0.00856469800464502	js4	0.016528481936134966
Saved checkpoint at iteration 3200
iter 3299	time	16.265062313079834	train disc cost	-1.7008564472198486	js1	0.0009787321916906665	js2	0.0027549336426914337	js3	0.00693104672829739	js4	0.013072981439662526
iter 3399	time	16.184668595790864	train disc cost	-1.9005906581878662	js1	0.0006807368689126879	js2	0.003486975425764951	js3	0.008642576905890589	js4	0.01579935276835241
Saved checkpoint at iteration 3400
iter 3499	time	16.3412641620636	train disc cost	-1.7677017450332642	js1	0.0024976267729138538	js2	0.006060651847049251	js3	0.011320438296783529	js4	0.018148583497512808
Saved checkpoint at iteration 3599
iter 3599	time	15.835205702781677	train disc cost	-1.8544081449508667	js1	0.0011589926890551731	js2	0.004151428501964161	js3	0.008602717752117617	js4	0.014984084315578922
