2026-06-15 21:05:52.122421: E external/local_xla/xla/stream_executor/cuda/cuda_dnn.cc:9261] Unable to register cuDNN factory: Attempting to register factory for plugin cuDNN when one has already been registered
2026-06-15 21:05:52.122495: E external/local_xla/xla/stream_executor/cuda/cuda_fft.cc:607] Unable to register cuFFT factory: Attempting to register factory for plugin cuFFT when one has already been registered
2026-06-15 21:05:52.124652: E external/local_xla/xla/stream_executor/cuda/cuda_blas.cc:1515] Unable to register cuBLAS factory: Attempting to register factory for plugin cuBLAS when one has already been registered
Using GPU: 1 device(s)
Uppercase local vars:
loading dataset 'sequence_craft' from /root/dnazymes/Data...
('T', 'T', 'T', 'A', 'C', 'C', 'C', 'A', 'A', 'G', 'A', 'A', 'G', 'G', 'G', 'G', 'T', 'G', 'C', 'G', 'T', 'A', 'C', 'T', 'A', 'T', 'G', 'C', 'T', 'A', 'C', 'C', 'T', 'T', 'A', 'T', 'T', 'A', 'A', 'C', 'G', '`', '`', '`', '`', '`', '`', '`', '`', '`', '`', '`', '`', '`', '`', '`', '`', '`', '`', '`', '`', '`', '`', '`', '`', '`', '`', '`', '`', '`', '`', '`', '`', '`', '`', '`', '`', '`', '`', '`', '`', '`', '`', '`', '`', '`', '`', '`', '`', '`', '`', '`', '`', '`', '`', '`', '`', '`', '`', '`')
('C', 'C', 'C', 'G', 'A', 'G', 'G', 'A', 'G', 'G', 'G', 'G', 'C', 'G', 'G', 'G', 'G', 'G', 'G', 'A', 'C', 'T', 'T', 'G', 'G', 'T', 'G', 'T', 'G', 'G', 'A', 'G', 'T', 'T', 'T', 'C', 'A', 'T', 'T', 'C', '`', '`', '`', '`', '`', '`', '`', '`', '`', '`', '`', '`', '`', '`', '`', '`', '`', '`', '`', '`', '`', '`', '`', '`', '`', '`', '`', '`', '`', '`', '`', '`', '`', '`', '`', '`', '`', '`', '`', '`', '`', '`', '`', '`', '`', '`', '`', '`', '`', '`', '`', '`', '`', '`', '`', '`', '`', '`', '`', '`')
('T', 'A', 'C', 'A', 'G', 'A', 'T', 'A', 'G', 'A', 'T', 'C', 'A', 'A', 'G', 'A', 'C', 'G', 'T', 'C', 'T', 'G', 'G', 'T', 'A', 'G', 'C', 'C', 'T', 'T', 'G', 'C', 'T', 'G', 'T', 'T', 'G', 'G', 'A', 'T', '`', '`', '`', '`', '`', '`', '`', '`', '`', '`', '`', '`', '`', '`', '`', '`', '`', '`', '`', '`', '`', '`', '`', '`', '`', '`', '`', '`', '`', '`', '`', '`', '`', '`', '`', '`', '`', '`', '`', '`', '`', '`', '`', '`', '`', '`', '`', '`', '`', '`', '`', '`', '`', '`', '`', '`', '`', '`', '`', '`')
('T', 'T', 'T', 'C', 'G', 'C', 'C', 'A', 'T', 'C', 'T', 'T', 'T', 'A', 'T', 'T', 'G', 'C', 'G', 'T', 'A', 'A', 'A', 'G', 'C', 'A', 'T', 'C', 'A', 'G', 'T', 'T', 'T', 'T', 'C', 'T', 'G', 'A', 'T', 'A', 'C', 'A', 'A', 'G', 'G', 'A', 'T', 'A', 'G', 'T', 'G', 'A', 'C', 'T', 'C', 'G', 'T', 'G', 'A', 'C', '`', '`', '`', '`', '`', '`', '`', '`', '`', '`', '`', '`', '`', '`', '`', '`', '`', '`', '`', '`', '`', '`', '`', '`', '`', '`', '`', '`', '`', '`', '`', '`', '`', '`', '`', '`', '`', '`', '`', '`')
('T', 'T', 'T', 'A', 'C', 'C', 'C', 'A', 'A', 'G', 'A', 'A', 'G', 'G', 'G', 'G', 'T', 'G', 'C', 'G', 'T', 'A', 'C', 'T', 'A', 'T', 'G', 'C', 'T', 'A', 'C', 'C', 'T', 'T', 'A', 'T', 'T', 'A', 'A', 'C', 'G', '`', '`', '`', '`', '`', '`', '`', '`', '`', '`', '`', '`', '`', '`', '`', '`', '`', '`', '`', '`', '`', '`', '`', '`', '`', '`', '`', '`', '`', '`', '`', '`', '`', '`', '`', '`', '`', '`', '`', '`', '`', '`', '`', '`', '`', '`', '`', '`', '`', '`', '`', '`', '`', '`', '`', '`', '`', '`', '`')
loaded 549 lines in dataset 'sequence_craft'
Building n-gram models on 549 sequences (of 549 total)...
validation set JSD for n=1: 0.00010213362076160546
validation set JSD for n=2: 0.00031367596086549245
validation set JSD for n=3: 0.0010657705043914253
validation set JSD for n=4: 0.004609789616583808
Restored checkpoint: /root/dnazymes/checkpoints/eds/model-1400
Saved checkpoint at iteration 0
iter 99	time	17.842981247901918	train disc cost	-3.641958713531494	js1	0.001102616016231957	js2	0.0034709351985522676	js3	0.008401926094090385	js4	0.02264420642032051
Saved checkpoint at iteration 100
iter 199	time	16.94172798395157	train disc cost	-4.297083854675293	js1	0.005057244990294666	js2	0.00832121545119476	js3	0.01391401154287561	js4	0.02753390970420881
Saved checkpoint at iteration 200
iter 299	time	16.428081893920897	train disc cost	-4.613835334777832	js1	0.0018592667512622285	js2	0.0050112638086689835	js3	0.010242199132078838	js4	0.024631701476399294
Saved checkpoint at iteration 300
iter 399	time	16.195219192504883	train disc cost	-4.8188886642456055	js1	0.0010118637857351883	js2	0.003260444074438253	js3	0.008008070374850814	js4	0.02148894807452579
Saved checkpoint at iteration 400
iter 499	time	16.565766184329988	train disc cost	-5.048974514007568	js1	0.0022363215605604937	js2	0.005185749467740482	js3	0.011242474507287386	js4	0.02578993805856846
Saved checkpoint at iteration 500
iter 599	time	16.216631531715393	train disc cost	-5.090367317199707	js1	0.0006741387911966605	js2	0.003407551990874054	js3	0.008938403242936701	js4	0.02274463517723193
Saved checkpoint at iteration 600
iter 699	time	16.49303991317749	train disc cost	-5.123903751373291	js1	0.005985742267547469	js2	0.013818064137532496	js3	0.022428745429550912	js4	0.03855493269366632
Saved checkpoint at iteration 700
iter 799	time	15.759391412734985	train disc cost	-4.743376731872559	js1	0.0008149236258616411	js2	0.004664915275604086	js3	0.009924808617227044	js4	0.023680397328317865
Saved checkpoint at iteration 800
iter 899	time	16.381934127807618	train disc cost	-4.562653541564941	js1	0.0009434392504913303	js2	0.004731921812983661	js3	0.009832894487450904	js4	0.022516885403635525
Saved checkpoint at iteration 900
Saved checkpoint at iteration 999
iter 999	time	16.256208868026732	train disc cost	-4.568479061126709	js1	0.0006103153584039526	js2	0.003648780373523312	js3	0.007930486736075364	js4	0.020377837307911834
