2026-06-14 12:38:52.773220: E external/local_xla/xla/stream_executor/cuda/cuda_dnn.cc:9261] Unable to register cuDNN factory: Attempting to register factory for plugin cuDNN when one has already been registered
2026-06-14 12:38:52.773290: E external/local_xla/xla/stream_executor/cuda/cuda_fft.cc:607] Unable to register cuFFT factory: Attempting to register factory for plugin cuFFT when one has already been registered
2026-06-14 12:38:52.775185: E external/local_xla/xla/stream_executor/cuda/cuda_blas.cc:1515] Unable to register cuBLAS factory: Attempting to register factory for plugin cuBLAS when one has already been registered
Using GPU: 1 device(s)
Uppercase local vars:
loading dataset 'mfe' from /root/dnazymes/Data...
('A', 'G', 'C', 'C', 'C', 'G', 'T', 'C', 'A', 'A', 'G', 'C', 'T', 'T', 'G', 'G', 'C', 'C', 'A', 'C', 'C', 'C', 'T', 'C', 'C', 'G', 'T', 'G', 'A', 'C', 'A', 'G', 'C', 'T', 'G', 'T', 'C', 'A', 'A', 'T', 'C', 'G', 'G', 'T', 'C', 'T', 'C', 'G', 'G', 'A', 'C', 'A', 'G', 'C', 'A', 'C', 'T', 'C', 'C', 'C', 'G', 'A', 'A', 'C', 'G', 'G', 'C', 'C', 'A', 'A', 'A', 'T', 'T', 'A', '`', '`', '`', '`', '`', '`', '`', '`', '`', '`', '`', '`', '`', '`', '`', '`', '`', '`', '`', '`', '`', '`', '`', '`', '`', '`')
('G', 'A', 'T', 'C', 'T', 'A', 'A', 'G', 'C', 'C', 'T', 'C', 'T', 'T', 'G', 'A', 'T', 'G', 'G', 'A', 'A', 'G', 'A', 'G', 'G', 'A', 'T', 'A', 'G', 'G', 'C', 'A', 'C', 'G', 'T', 'A', 'G', 'T', 'G', 'A', 'G', 'T', 'T', 'G', 'C', 'G', 'G', 'C', 'A', 'C', 'T', 'A', 'G', 'A', 'T', 'G', 'C', 'G', 'G', 'C', 'T', 'A', 'A', 'T', 'T', 'T', 'G', 'T', 'G', 'T', 'T', 'G', 'T', 'G', 'G', 'C', 'A', '`', '`', '`', '`', '`', '`', '`', '`', '`', '`', '`', '`', '`', '`', '`', '`', '`', '`', '`', '`', '`', '`', '`')
('C', 'C', 'T', 'G', 'C', 'A', 'G', 'T', 'G', 'T', 'C', 'A', 'G', 'A', 'C', 'C', 'C', 'C', 'G', 'T', 'G', 'C', 'G', 'G', 'A', 'T', 'C', 'C', 'G', 'C', 'T', 'A', 'G', 'A', 'T', 'A', 'A', 'T', 'G', 'T', 'C', 'C', 'G', 'C', 'C', 'A', 'T', 'G', 'C', 'T', 'G', 'C', 'C', 'T', 'T', 'C', 'G', 'T', 'T', 'A', 'C', 'A', 'T', 'A', 'A', 'T', 'C', 'T', 'G', 'G', 'C', 'A', 'G', 'G', 'A', 'A', '`', '`', '`', '`', '`', '`', '`', '`', '`', '`', '`', '`', '`', '`', '`', '`', '`', '`', '`', '`', '`', '`', '`', '`')
('A', 'C', 'A', 'A', 'C', 'G', 'T', 'G', 'A', 'T', 'A', 'T', 'C', 'A', 'C', 'G', 'A', 'A', 'T', 'G', 'T', 'T', 'C', 'T', 'T', 'C', 'G', 'A', 'T', 'A', 'G', 'A', 'A', 'C', 'T', 'C', 'A', 'A', 'A', 'A', 'G', 'G', 'C', 'G', 'C', 'T', 'C', 'T', 'G', 'A', 'A', 'G', 'T', 'G', 'A', 'C', 'G', 'T', 'C', 'G', 'G', 'T', 'G', 'T', 'G', 'C', 'G', 'C', 'A', 'C', 'T', 'A', 'T', 'T', 'C', 'A', 'G', 'T', '`', '`', '`', '`', '`', '`', '`', '`', '`', '`', '`', '`', '`', '`', '`', '`', '`', '`', '`', '`', '`', '`')
('A', 'G', 'C', 'T', 'G', 'A', 'T', 'C', 'A', 'G', 'T', 'T', 'C', 'A', 'A', 'C', 'C', 'G', 'C', 'A', 'C', 'T', 'A', 'G', 'G', 'T', 'A', 'G', 'C', 'C', 'G', 'A', 'A', 'G', 'C', 'C', 'C', 'G', 'G', 'C', 'G', 'G', 'C', 'C', 'G', 'C', 'G', 'C', 'G', 'A', 'G', 'C', 'G', 'G', 'G', 'C', 'C', 'C', 'T', 'G', 'T', 'T', 'A', 'T', 'A', 'G', 'A', 'A', 'T', 'C', 'A', 'G', 'G', 'G', '`', '`', '`', '`', '`', '`', '`', '`', '`', '`', '`', '`', '`', '`', '`', '`', '`', '`', '`', '`', '`', '`', '`', '`', '`', '`')
loaded 232885 lines in dataset 'mfe'
Building n-gram models on 20000 sequences (of 232885 total)...
validation set JSD for n=1: 1.3345053459023675e-05
validation set JSD for n=2: 9.429747836719125e-05
validation set JSD for n=3: 0.00040341403741320865
validation set JSD for n=4: 0.002066901116116669
Saved checkpoint at iteration 0
iter 99	time	16.429444010257722	train disc cost	-6.493600845336914	js1	0.0028624742326060753	js2	0.01364763615438009	js3	0.029074652012284867	js4	0.04763089000623515
iter 199	time	15.746150424480438	train disc cost	-2.81337833404541	js1	0.0037138857372234673	js2	0.018710276214705567	js3	0.03783996113874484	js4	0.05957923203618344
Saved checkpoint at iteration 200
iter 299	time	15.996272768974304	train disc cost	-2.3519558906555176	js1	0.008927383284287533	js2	0.0227447620982331	js3	0.041339021210323054	js4	0.06595662792500075
iter 399	time	16.168065540790558	train disc cost	-2.16880202293396	js1	0.004870224480384413	js2	0.01573337234596005	js3	0.02913051352956878	js4	0.045756204822498
Saved checkpoint at iteration 400
iter 499	time	16.100670444965363	train disc cost	-2.0809786319732666	js1	0.002365303320158994	js2	0.007102465873449874	js3	0.014444225625220729	js4	0.026288922957445525
iter 599	time	16.162311935424803	train disc cost	-2.06424617767334	js1	0.001408096080814608	js2	0.006443629349637248	js3	0.014688775695296646	js4	0.026161538526984877
Saved checkpoint at iteration 600
iter 699	time	16.327863800525666	train disc cost	-1.950483798980713	js1	0.001986994005619869	js2	0.007664864073507135	js3	0.014650227925923385	js4	0.024749247831018176
iter 799	time	15.839793426990509	train disc cost	-2.071305990219116	js1	0.0035657448579011946	js2	0.009034315099859183	js3	0.01684223847109384	js4	0.027587256465884218
Saved checkpoint at iteration 800
iter 899	time	16.154897222518922	train disc cost	-2.1362833976745605	js1	0.001072789884925777	js2	0.003976683201079223	js3	0.013079593067464031	js4	0.025570186232109396
iter 999	time	16.055515847206117	train disc cost	-2.1738476753234863	js1	0.0004059814814885784	js2	0.003910271104397075	js3	0.008755100271814874	js4	0.01607184496804704
Saved checkpoint at iteration 1000
iter 1099	time	16.22566272497177	train disc cost	-2.211428165435791	js1	0.0015589807811523667	js2	0.00836866926850457	js3	0.017250577257785688	js4	0.028472825310657278
iter 1199	time	16.06991054058075	train disc cost	-2.1810452938079834	js1	0.0005296622816970226	js2	0.0027839195706401256	js3	0.006622036591705827	js4	0.013442989036509914
Saved checkpoint at iteration 1200
iter 1299	time	15.93898324251175	train disc cost	-2.156811237335205	js1	0.0013903687876471462	js2	0.005464732988824083	js3	0.010408829569924307	js4	0.01817368366700786
iter 1399	time	16.13963089466095	train disc cost	-2.1659107208251953	js1	0.004386880360108073	js2	0.013542014217957268	js3	0.025379362380608006	js4	0.040512177033332944
Saved checkpoint at iteration 1400
iter 1499	time	16.25164462327957	train disc cost	-1.993518352508545	js1	0.0075804072874339126	js2	0.017463677149189123	js3	0.027885484590577953	js4	0.04071234787333536
iter 1599	time	16.28838669538498	train disc cost	-2.044828414916992	js1	0.004896438507243838	js2	0.011611486373988993	js3	0.020166795314264213	js4	0.03074846716413953
Saved checkpoint at iteration 1600
iter 1699	time	16.3192533659935	train disc cost	-2.0243282318115234	js1	0.0003403623216514211	js2	0.002090984251395477	js3	0.007596128216218495	js4	0.01587286874629655
iter 1799	time	16.341926443576813	train disc cost	-2.071720838546753	js1	0.0010991545599420588	js2	0.004624493851616067	js3	0.01134147229164147	js4	0.020080498693117732
Saved checkpoint at iteration 1800
iter 1899	time	16.01618109226227	train disc cost	-1.9654983282089233	js1	0.0008433372841980766	js2	0.004456702089154945	js3	0.009482044557391985	js4	0.017892456426823446
iter 1999	time	15.87783488035202	train disc cost	-2.19120717048645	js1	0.0008554246756005408	js2	0.0034271830552860313	js3	0.007298469470179415	js4	0.01414790642632868
Saved checkpoint at iteration 2000
iter 2099	time	16.28101134777069	train disc cost	-2.248870611190796	js1	0.0011636164722725762	js2	0.0035739765691054953	js3	0.007827186348873775	js4	0.014005426585381564
iter 2199	time	16.253143973350525	train disc cost	-2.297055244445801	js1	0.005373466127075905	js2	0.011007592698016726	js3	0.018425309786734418	js4	0.027798066054479167
Saved checkpoint at iteration 2200
iter 2299	time	16.22866444826126	train disc cost	-2.342238187789917	js1	0.0021870475732237308	js2	0.0062936848475333785	js3	0.013278268859203074	js4	0.022380767086822524
iter 2399	time	16.01613519906998	train disc cost	-2.3243322372436523	js1	0.002351485359597776	js2	0.0051097831351798	js3	0.009508448255040838	js4	0.01688190770548444
Saved checkpoint at iteration 2400
iter 2499	time	15.56734365940094	train disc cost	-2.294844627380371	js1	0.0016651665571402556	js2	0.006783453261380073	js3	0.013872633961480517	js4	0.02304065044639346
iter 2599	time	15.988145225048065	train disc cost	-2.485388994216919	js1	0.001016703567890165	js2	0.0034037715573011656	js3	0.007859668180021793	js4	0.014253202476468883
Saved checkpoint at iteration 2600
iter 2699	time	16.193983261585235	train disc cost	-2.3989205360412598	js1	0.0006287862972288207	js2	0.0027681512973338025	js3	0.006459019654008631	js4	0.013320091187844633
iter 2799	time	16.29189629793167	train disc cost	-2.562723398208618	js1	0.00018783990999227294	js2	0.004392596712800785	js3	0.010160310749709496	js4	0.01826352928655521
Saved checkpoint at iteration 2800
iter 2899	time	16.158837413787843	train disc cost	-2.4902307987213135	js1	0.0010736484126916694	js2	0.004912058290945573	js3	0.00973900606046774	js4	0.017380537171919997
iter 2999	time	16.216462314128876	train disc cost	-2.622865676879883	js1	5.990925003814086e-05	js2	0.0007040352830227713	js3	0.002474806581614465	js4	0.006269068170851867
Saved checkpoint at iteration 3000
iter 3099	time	15.987567944526672	train disc cost	-2.6050467491149902	js1	0.0005736784939787911	js2	0.002623616202469104	js3	0.005680542405283195	js4	0.010669574966477918
iter 3199	time	16.084851818084715	train disc cost	-2.6633408069610596	js1	0.002601384628718223	js2	0.006854074979623437	js3	0.012569175822376558	js4	0.020986013776130925
Saved checkpoint at iteration 3200
iter 3299	time	16.26024693965912	train disc cost	-2.694276809692383	js1	0.004285976337410791	js2	0.011764403883280683	js3	0.021564042172881555	js4	0.03392147203478667
iter 3399	time	16.18218877315521	train disc cost	-2.7888681888580322	js1	0.001766963865554651	js2	0.004717049520370437	js3	0.008849277281359938	js4	0.015980547893900608
Saved checkpoint at iteration 3400
iter 3499	time	16.305839822292327	train disc cost	-2.9214224815368652	js1	0.0014919992675356444	js2	0.0038513475356852663	js3	0.008120257906735814	js4	0.014503630004175368
Saved checkpoint at iteration 3599
iter 3599	time	15.856037368774414	train disc cost	-3.06776762008667	js1	0.0023559939717786595	js2	0.004671372300015451	js3	0.008774160890788295	js4	0.015000248988786087
